2020-11-08 19:51:27,121 - Loaded System Directive: org.apache.velocity.runtime.directive.Literal
2020-11-08 19:51:27,122 - Loaded System Directive: org.apache.velocity.runtime.directive.Macro
2020-11-08 19:51:27,124 - Loaded System Directive: org.apache.velocity.runtime.directive.Parse
2020-11-08 19:51:27,125 - Loaded System Directive: org.apache.velocity.runtime.directive.Include
2020-11-08 19:51:27,126 - Loaded System Directive: org.apache.velocity.runtime.directive.Foreach
2020-11-08 19:51:27,166 - Created '20' parsers.
2020-11-08 19:51:27,170 - Velocimacro : "velocimacro.library" is not set.  Trying default library: VM_global_library.vm
2020-11-08 19:51:27,171 - Could not load resource 'VM_global_library.vm' from ResourceLoader org.apache.velocity.runtime.resource.loader.ClasspathResourceLoader: ClasspathResourceLoader Error: cannot find resource VM_global_library.vm
2020-11-08 19:51:27,172 - Velocimacro : Default library not found.
2020-11-08 19:51:27,172 - Velocimacro : allowInline = true : VMs can be defined inline in templates
2020-11-08 19:51:27,172 - Velocimacro : allowInlineToOverride = false : VMs defined inline may NOT replace previous VM definitions
2020-11-08 19:51:27,172 - Velocimacro : allowInlineLocal = false : VMs defined inline will be global in scope if allowed.
2020-11-08 19:51:27,172 - Velocimacro : autoload off : VM system will not automatically reload global library macros
2020-11-08 19:51:27,186 - ResourceManager : found templates/layout.vsl with loader org.apache.velocity.runtime.resource.loader.ClasspathResourceLoader
2020-11-08 19:51:27,189 - ResourceManager : found templates/IMC.vsl with loader org.apache.velocity.runtime.resource.loader.ClasspathResourceLoader
2020-11-08 19:51:28,811 - Log4JLogChute initialized using file 'velocity.log'
2020-11-08 19:51:28,811 - Initializing Velocity, Calling init()...
2020-11-08 19:51:28,812 - Starting Apache Velocity v1.7 (compiled: 2010-11-19 12:14:37)
2020-11-08 19:51:28,812 - Default Properties File: org\apache\velocity\runtime\defaults\velocity.properties
2020-11-08 19:51:28,812 - Trying to use logger class org.apache.velocity.runtime.log.AvalonLogChute
2020-11-08 19:51:28,812 - Target log system for org.apache.velocity.runtime.log.AvalonLogChute is not available (java.lang.NoClassDefFoundError: org/apache/log/format/Formatter).  Falling back to next log system...
2020-11-08 19:51:28,812 - Trying to use logger class org.apache.velocity.runtime.log.Log4JLogChute
2020-11-08 19:51:28,812 - Using logger class org.apache.velocity.runtime.log.Log4JLogChute
2020-11-08 19:51:28,812 - ResourceLoader instantiated: org.apache.velocity.runtime.resource.loader.ClasspathResourceLoader
2020-11-08 19:51:28,813 - ResourceCache: initialized (class org.apache.velocity.runtime.resource.ResourceCacheImpl) with class java.util.Collections$SynchronizedMap cache map.
2020-11-08 19:51:28,813 - Loaded System Directive: org.apache.velocity.runtime.directive.Stop
2020-11-08 19:51:28,814 - Loaded System Directive: org.apache.velocity.runtime.directive.Define
2020-11-08 19:51:28,814 - Loaded System Directive: org.apache.velocity.runtime.directive.Break
2020-11-08 19:51:28,814 - Loaded System Directive: org.apache.velocity.runtime.directive.Evaluate
2020-11-08 19:51:28,814 - Loaded System Directive: org.apache.velocity.runtime.directive.Literal
2020-11-08 19:51:28,814 - Loaded System Directive: org.apache.velocity.runtime.directive.Macro
2020-11-08 19:51:28,814 - Loaded System Directive: org.apache.velocity.runtime.directive.Parse
2020-11-08 19:51:28,815 - Loaded System Directive: org.apache.velocity.runtime.directive.Include
2020-11-08 19:51:28,815 - Loaded System Directive: org.apache.velocity.runtime.directive.Foreach
2020-11-08 19:51:28,816 - Created '20' parsers.
2020-11-08 19:51:28,816 - Velocimacro : "velocimacro.library" is not set.  Trying default library: VM_global_library.vm
2020-11-08 19:51:28,817 - Could not load resource 'VM_global_library.vm' from ResourceLoader org.apache.velocity.runtime.resource.loader.ClasspathResourceLoader: ClasspathResourceLoader Error: cannot find resource VM_global_library.vm
2020-11-08 19:51:28,817 - Velocimacro : Default library not found.
2020-11-08 19:51:28,817 - Velocimacro : allowInline = true : VMs can be defined inline in templates
2020-11-08 19:51:28,817 - Velocimacro : allowInlineToOverride = false : VMs defined inline may NOT replace previous VM definitions
2020-11-08 19:51:28,817 - Velocimacro : allowInlineLocal = false : VMs defined inline will be global in scope if allowed.
2020-11-08 19:51:28,817 - Velocimacro : autoload off : VM system will not automatically reload global library macros
2020-11-08 19:51:28,819 - ResourceManager : found templates/layout.vsl with loader org.apache.velocity.runtime.resource.loader.ClasspathResourceLoader
2020-11-08 19:51:28,820 - ResourceManager : found templates/IMC.vsl with loader org.apache.velocity.runtime.resource.loader.ClasspathResourceLoader
t.vsl with loader org.apache.velocity.runtime.resource.loader.ClasspathResourceLoader
2020-11-08 19:51:28,820 - ResourceManager : found templates/IMC.vsl with loader org.apache.velocity.runtime.resource.loader.ClasspathResourceLoader
2020-11-08 19:52:21,783 - Log4JLogChute initialized using file 'velocity.log'
2020-11-08 19:52:21,783 - Initializing Velocity, Calling init()...
2020-11-08 19:52:21,783 - Starting Apache Velocity v1.7 (compiled: 2010-11-19 12:14:37)
2020-11-08 19:52:21,783 - Default Properties File: org\apache\velocity\runtime\defaults\velocity.properties
2020-11-08 19:52:21,783 - Trying to use logger class org.apache.velocity.runtime.log.AvalonLogChute
2020-11-08 19:52:21,783 - Target log system for org.apache.velocity.runtime.log.AvalonLogChute is not available (java.lang.NoClassDefFoundError: org/apache/log/format/Formatter).  Falling back to next log system...
2020-11-08 19:52:21,783 - Trying to use logger class org.apache.velocity.runtime.log.Log4JLogChute
2020-11-08 19:52:21,783 - Using logger class org.apache.velocity.runtime.log.Log4JLogChute
2020-11-08 19:52:21,798 - ResourceLoader instantiated: org.apache.velocity.runtime.resource.loader.ClasspathResourceLoader
2020-11-08 19:52:21,798 - ResourceCache: initialized (class org.apache.velocity.runtime.resource.ResourceCacheImpl) with class java.util.Collections$SynchronizedMap cache map.
2020-11-08 19:52:21,798 - Loaded System Directive: org.apache.velocity.runtime.directive.Stop
2020-11-08 19:52:21,814 - Loaded System Directive: org.apache.velocity.runtime.directive.Define
2020-11-08 19:52:21,814 - Loaded System Directive: org.apache.velocity.runtime.directive.Break
2020-11-08 19:52:21,814 - Loaded System Directive: org.apache.velocity.runtime.directive.Evaluate
2020-11-08 19:52:21,814 - Loaded System Directive: org.apache.velocity.runtime.directive.Literal
2020-11-08 19:52:21,814 - Loaded System Directive: org.apache.velocity.runtime.directive.Macro
2020-11-08 19:52:21,814 - Loaded System Directive: org.apache.velocity.runtime.directive.Parse
2020-11-08 19:52:21,814 - Loaded System Directive: org.apache.velocity.runtime.directive.Include
2020-11-08 19:52:21,814 - Loaded System Directive: org.apache.velocity.runtime.directive.Foreach
2020-11-08 19:52:21,852 - Created '20' parsers.
2020-11-08 19:52:21,852 - Velocimacro : "velocimacro.library" is not set.  Trying default library: VM_global_library.vm
2020-11-08 19:52:21,852 - Could not load resource 'VM_global_library.vm' from ResourceLoader org.apache.velocity.runtime.resource.loader.ClasspathResourceLoader: ClasspathResourceLoader Error: cannot find resource VM_global_library.vm
2020-11-08 19:52:21,852 - Velocimacro : Default library not found.
2020-11-08 19:52:21,852 - Velocimacro : allowInline = true : VMs can be defined inline in templates
2020-11-08 19:52:21,852 - Velocimacro : allowInlineToOverride = false : VMs defined inline may NOT replace previous VM definitions
2020-11-08 19:52:21,852 - Velocimacro : allowInlineLocal = false : VMs defined inline will be global in scope if allowed.
2020-11-08 19:52:21,852 - Velocimacro : autoload off : VM system will not automatically reload global library macros
2020-11-08 19:52:21,868 - ResourceManager : found templates/layout.vsl with loader org.apache.velocity.runtime.resource.loader.ClasspathResourceLoader
2020-11-08 19:52:21,868 - ResourceManager : found templates/IMC.vsl with loader org.apache.velocity.runtime.resource.loader.ClasspathResourceLoader
2020-11-08 19:52:22,999 - Log4JLogChute initialized using file 'velocity.log'
2020-11-08 19:52:22,999 - Log4JLogChute initialized using file 'velocity.log'
2020-11-08 19:52:22,999 - Initializing Velocity, Calling init()...
2020-11-08 19:52:22,999 - Initializing Velocity, Calling init()...
2020-11-08 19:52:22,999 - Starting Apache Velocity v1.7 (compiled: 2010-11-19 12:14:37)
2020-11-08 19:52:22,999 - Starting Apache Velocity v1.7 (compiled: 2010-11-19 12:14:37)
2020-11-08 19:52:23,000 - Default Properties File: org\apache\velocity\runtime\defaults\velocity.properties
2020-11-08 19:52:23,000 - Default Properties File: org\apache\velocity\runtime\defaults\velocity.properties
2020-11-08 19:52:23,000 - Trying to use logger class org.apache.velocity.runtime.log.AvalonLogChute
2020-11-08 19:52:23,000 - Trying to use logger class org.apache.velocity.runtime.log.AvalonLogChute
2020-11-08 19:52:23,000 - Target log system for org.apache.velocity.runtime.log.AvalonLogChute is not available (java.lang.NoClassDefFoundError: org/apache/log/format/Formatter).  Falling back to next log system...
2020-11-08 19:52:23,000 - Target log system for org.apache.velocity.runtime.log.AvalonLogChute is not available (java.lang.NoClassDefFoundError: org/apache/log/format/Formatter).  Falling back to next log system...
2020-11-08 19:52:23,000 - Trying to use logger class org.apache.velocity.runtime.log.Log4JLogChute
2020-11-08 19:52:23,000 - Trying to use logger class org.apache.velocity.runtime.log.Log4JLogChute
2020-11-08 19:52:23,000 - Using logger class org.apache.velocity.runtime.log.Log4JLogChute
2020-11-08 19:52:23,000 - Using logger class org.apache.velocity.runtime.log.Log4JLogChute
2020-11-08 19:52:23,001 - ResourceLoader instantiated: org.apache.velocity.runtime.resource.loader.ClasspathResourceLoader
2020-11-08 19:52:23,001 - ResourceLoader instantiated: org.apache.velocity.runtime.resource.loader.ClasspathResourceLoader
2020-11-08 19:52:23,001 - ResourceCache: initialized (class org.apache.velocity.runtime.resource.ResourceCacheImpl) with class java.util.Collections$SynchronizedMap cache map.
2020-11-08 19:52:23,001 - ResourceCache: initialized (class org.apache.velocity.runtime.resource.ResourceCacheImpl) with class java.util.Collections$SynchronizedMap cache map.
2020-11-08 19:52:23,003 - Loaded System Directive: org.apache.velocity.runtime.directive.Stop
2020-11-08 19:52:23,003 - Loaded System Directive: org.apache.velocity.runtime.directive.Stop
2020-11-08 19:52:23,003 - Loaded System Directive: org.apache.velocity.runtime.directive.Define
2020-11-08 19:52:23,003 - Loaded System Directive: org.apache.velocity.runtime.directive.Define
2020-11-08 19:52:23,003 - Loaded System Directive: org.apache.velocity.runtime.directive.Break
2020-11-08 19:52:23,003 - Loaded System Directive: org.apache.velocity.runtime.directive.Break
2020-11-08 19:52:23,003 - Loaded System Directive: org.apache.velocity.runtime.directive.Evaluate
2020-11-08 19:52:23,003 - Loaded System Directive: org.apache.velocity.runtime.directive.Evaluate
2020-11-08 19:52:23,004 - Loaded System Directive: org.apache.velocity.runtime.directive.Literal
2020-11-08 19:52:23,004 - Loaded System Directive: org.apache.velocity.runtime.directive.Literal
2020-11-08 19:52:23,004 - Loaded System Directive: org.apache.velocity.runtime.directive.Macro
2020-11-08 19:52:23,004 - Loaded System Directive: org.apache.velocity.runtime.directive.Macro
2020-11-08 19:52:23,004 - Loaded System Directive: org.apache.velocity.runtime.directive.Parse
2020-11-08 19:52:23,004 - Loaded System Directive: org.apache.velocity.runtime.directive.Parse
2020-11-08 19:52:23,004 - Loaded System Directive: org.apache.velocity.runtime.directive.Include
2020-11-08 19:52:23,004 - Loaded System Directive: org.apache.velocity.runtime.directive.Include
2020-11-08 19:52:23,005 - Loaded System Directive: org.apache.velocity.runtime.directive.Foreach
2020-11-08 19:52:23,005 - Loaded System Directive: org.apache.velocity.runtime.directive.Foreach
2020-11-08 19:52:23,006 - Created '20' parsers.
2020-11-08 19:52:23,006 - Created '20' parsers.
2020-11-08 19:52:23,006 - Velocimacro : "velocimacro.library" is not set.  Trying default library: VM_global_library.vm
2020-11-08 19:52:23,006 - Velocimacro : "velocimacro.library" is not set.  Trying default library: VM_global_library.vm
2020-11-08 19:52:23,007 - Could not load resource 'VM_global_library.vm' from ResourceLoader org.apache.velocity.runtime.resource.loader.ClasspathResourceLoader: ClasspathResourceLoader Error: cannot find resource VM_global_library.vm
2020-11-08 19:52:23,007 - Could not load resource 'VM_global_library.vm' from ResourceLoader org.apache.velocity.runtime.resource.loader.ClasspathResourceLoader: ClasspathResourceLoader Error: cannot find resource VM_global_library.vm
2020-11-08 19:52:23,007 - Velocimacro : Default library not found.
2020-11-08 19:52:23,007 - Velocimacro : Default library not found.
2020-11-08 19:52:23,007 - Velocimacro : allowInline = true : VMs can be defined inline in templates
2020-11-08 19:52:23,007 - Velocimacro : allowInline = true : VMs can be defined inline in templates
2020-11-08 19:52:23,007 - Velocimacro : allowInlineToOverride = false : VMs defined inline may NOT replace previous VM definitions
2020-11-08 19:52:23,007 - Velocimacro : allowInlineToOverride = false : VMs defined inline may NOT replace previous VM definitions
2020-11-08 19:52:23,008 - Velocimacro : allowInlineLocal = false : VMs defined inline will be global in scope if allowed.
2020-11-08 19:52:23,008 - Velocimacro : allowInlineLocal = false : VMs defined inline will be global in scope if allowed.
2020-11-08 19:52:23,008 - Velocimacro : autoload off : VM system will not automatically reload global library macros
2020-11-08 19:52:23,008 - Velocimacro : autoload off : VM system will not automatically reload global library macros
2020-11-08 19:52:23,009 - ResourceManager : found templates/layout.vsl with loader org.apache.velocity.runtime.resource.loader.ClasspathResourceLoader
2020-11-08 19:52:23,009 - ResourceManager : found templates/layout.vsl with loader org.apache.velocity.runtime.resource.loader.ClasspathResourceLoader
2020-11-08 19:52:23,011 - ResourceManager : found templates/IMC.vsl with loader org.apache.velocity.runtime.resource.loader.ClasspathResourceLoader
2020-11-08 19:52:23,011 - ResourceManager : found templates/IMC.vsl with loader org.apache.velocity.runtime.resource.loader.ClasspathResourceLoader
2020-11-08 19:53:58,830 - Log4JLogChute initialized using file 'velocity.log'
2020-11-08 19:53:58,830 - Initializing Velocity, Calling init()...
2020-11-08 19:53:58,830 - Starting Apache Velocity v1.7 (compiled: 2010-11-19 12:14:37)
2020-11-08 19:53:58,830 - Default Properties File: org\apache\velocity\runtime\defaults\velocity.properties
2020-11-08 19:53:58,830 - Trying to use logger class org.apache.velocity.runtime.log.AvalonLogChute
2020-11-08 19:53:58,830 - Target log system for org.apache.velocity.runtime.log.AvalonLogChute is not available (java.lang.NoClassDefFoundError: org/apache/log/format/Formatter).  Falling back to next log system...
2020-11-08 19:53:58,830 - Trying to use logger class org.apache.velocity.runtime.log.Log4JLogChute
2020-11-08 19:53:58,830 - Using logger class org.apache.velocity.runtime.log.Log4JLogChute
2020-11-08 19:53:58,830 - ResourceLoader instantiated: org.apache.velocity.runtime.resource.loader.ClasspathResourceLoader
2020-11-08 19:53:58,845 - ResourceCache: initialized (class org.apache.velocity.runtime.resource.ResourceCacheImpl) with class java.util.Collections$SynchronizedMap cache map.
2020-11-08 19:53:58,845 - Loaded System Directive: org.apache.velocity.runtime.directive.Stop
2020-11-08 19:53:58,845 - Loaded System Directive: org.apache.velocity.runtime.directive.Define
2020-11-08 19:53:58,845 - Loaded System Directive: org.apache.velocity.runtime.directive.Break
2020-11-08 19:53:58,845 - Loaded System Directive: org.apache.velocity.runtime.directive.Evaluate
2020-11-08 19:53:58,861 - Loaded System Directive: org.apache.velocity.runtime.directive.Literal
2020-11-08 19:53:58,861 - Loaded System Directive: org.apache.velocity.runtime.directive.Macro
2020-11-08 19:53:58,861 - Loaded System Directive: org.apache.velocity.runtime.directive.Parse
2020-11-08 19:53:58,861 - Loaded System Directive: org.apache.velocity.runtime.directive.Include
2020-11-08 19:53:58,861 - Loaded System Directive: org.apache.velocity.runtime.directive.Foreach
2020-11-08 19:53:58,892 - Created '20' parsers.
2020-11-08 19:53:58,892 - Velocimacro : "velocimacro.library" is not set.  Trying default library: VM_global_library.vm
2020-11-08 19:53:58,892 - Could not load resource 'VM_global_library.vm' from ResourceLoader org.apache.velocity.runtime.resource.loader.ClasspathResourceLoader: ClasspathResourceLoader Error: cannot find resource VM_global_library.vm
2020-11-08 19:53:58,892 - Velocimacro : Default library not found.
2020-11-08 19:53:58,892 - Velocimacro : allowInline = true : VMs can be defined inline in templates
2020-11-08 19:53:58,892 - Velocimacro : allowInlineToOverride = false : VMs defined inline may NOT replace previous VM definitions
2020-11-08 19:53:58,892 - Velocimacro : allowInlineLocal = false : VMs defined inline will be global in scope if allowed.
2020-11-08 19:53:58,892 - Velocimacro : autoload off : VM system will not automatically reload global library macros
2020-11-08 19:53:58,908 - ResourceManager : found templates/layout.vsl with loader org.apache.velocity.runtime.resource.loader.ClasspathResourceLoader
2020-11-08 19:53:58,908 - ResourceManager : found templates/IMC.vsl with loader org.apache.velocity.runtime.resource.loader.ClasspathResourceLoader
2020-11-08 19:54:52,154 - Log4JLogChute initialized using file 'velocity.log'
2020-11-08 19:54:52,154 - Initializing Velocity, Calling init()...
2020-11-08 19:54:52,154 - Starting Apache Velocity v1.7 (compiled: 2010-11-19 12:14:37)
2020-11-08 19:54:52,154 - Default Properties File: org\apache\velocity\runtime\defaults\velocity.properties
2020-11-08 19:54:52,154 - Trying to use logger class org.apache.velocity.runtime.log.AvalonLogChute
2020-11-08 19:54:52,154 - Target log system for org.apache.velocity.runtime.log.AvalonLogChute is not available (java.lang.NoClassDefFoundError: org/apache/log/format/Formatter).  Falling back to next log system...
2020-11-08 19:54:52,154 - Trying to use logger class org.apache.velocity.runtime.log.Log4JLogChute
2020-11-08 19:54:52,154 - Using logger class org.apache.velocity.runtime.log.Log4JLogChute
2020-11-08 19:54:52,154 - ResourceLoader instantiated: org.apache.velocity.runtime.resource.loader.ClasspathResourceLoader
2020-11-08 19:54:52,170 - ResourceCache: initialized (class org.apache.velocity.runtime.resource.ResourceCacheImpl) with class java.util.Collections$SynchronizedMap cache map.
2020-11-08 19:54:52,170 - Loaded System Directive: org.apache.velocity.runtime.directive.Stop
2020-11-08 19:54:52,170 - Loaded System Directive: org.apache.velocity.runtime.directive.Define
2020-11-08 19:54:52,170 - Loaded System Directive: org.apache.velocity.runtime.directive.Break
2020-11-08 19:54:52,170 - Loaded System Directive: org.apache.velocity.runtime.directive.Evaluate
2020-11-08 19:54:52,170 - Loaded System Directive: org.apache.velocity.runtime.directive.Literal
2020-11-08 19:54:52,170 - Loaded System Directive: org.apache.velocity.runtime.directive.Macro
2020-11-08 19:54:52,170 - Loaded System Directive: org.apache.velocity.runtime.directive.Parse
2020-11-08 19:54:52,170 - Loaded System Directive: org.apache.velocity.runtime.directive.Include
2020-11-08 19:54:52,170 - Loaded System Directive: org.apache.velocity.runtime.directive.Foreach
2020-11-08 19:54:52,207 - Created '20' parsers.
2020-11-08 19:54:52,207 - Velocimacro : "velocimacro.library" is not set.  Trying default library: VM_global_library.vm
2020-11-08 19:54:52,207 - Could not load resource 'VM_global_library.vm' from ResourceLoader org.apache.velocity.runtime.resource.loader.ClasspathResourceLoader: ClasspathResourceLoader Error: cannot find resource VM_global_library.vm
2020-11-08 19:54:52,207 - Velocimacro : Default library not found.
2020-11-08 19:54:52,207 - Velocimacro : allowInline = true : VMs can be defined inline in templates
2020-11-08 19:54:52,207 - Velocimacro : allowInlineToOverride = false : VMs defined inline may NOT replace previous VM definitions
2020-11-08 19:54:52,207 - Velocimacro : allowInlineLocal = false : VMs defined inline will be global in scope if allowed.
2020-11-08 19:54:52,207 - Velocimacro : autoload off : VM system will not automatically reload global library macros
2020-11-08 19:54:52,223 - ResourceManager : found templates/layout.vsl with loader org.apache.velocity.runtime.resource.loader.ClasspathResourceLoader
2020-11-08 19:54:52,239 - ResourceManager : found templates/IMC.vsl with loader org.apache.velocity.runtime.resource.loader.ClasspathResourceLoader
2020-11-08 19:54:54,396 - Log4JLogChute initialized using file 'velocity.log'
2020-11-08 19:54:54,396 - Log4JLogChute initialized using file 'velocity.log'
2020-11-08 19:54:54,396 - Initializing Velocity, Calling init()...
2020-11-08 19:54:54,396 - Initializing Velocity, Calling init()...
2020-11-08 19:54:54,396 - Starting Apache Velocity v1.7 (compiled: 2010-11-19 12:14:37)
2020-11-08 19:54:54,396 - Starting Apache Velocity v1.7 (compiled: 2010-11-19 12:14:37)
2020-11-08 19:54:54,396 - Default Properties File: org\apache\velocity\runtime\defaults\velocity.properties
2020-11-08 19:54:54,396 - Default Properties File: org\apache\velocity\runtime\defaults\velocity.properties
2020-11-08 19:54:54,396 - Trying to use logger class org.apache.velocity.runtime.log.AvalonLogChute
2020-11-08 19:54:54,396 - Trying to use logger class org.apache.velocity.runtime.log.AvalonLogChute
2020-11-08 19:54:54,396 - Target log system for org.apache.velocity.runtime.log.AvalonLogChute is not available (java.lang.NoClassDefFoundError: org/apache/log/format/Formatter).  Falling back to next log system...
2020-11-08 19:54:54,396 - Target log system for org.apache.velocity.runtime.log.AvalonLogChute is not available (java.lang.NoClassDefFoundError: org/apache/log/format/Formatter).  Falling back to next log system...
2020-11-08 19:54:54,396 - Trying to use logger class org.apache.velocity.runtime.log.Log4JLogChute
2020-11-08 19:54:54,396 - Trying to use logger class org.apache.velocity.runtime.log.Log4JLogChute
2020-11-08 19:54:54,396 - Using logger class org.apache.velocity.runtime.log.Log4JLogChute
2020-11-08 19:54:54,396 - Using logger class org.apache.velocity.runtime.log.Log4JLogChute
2020-11-08 19:54:54,396 - ResourceLoader instantiated: org.apache.velocity.runtime.resource.loader.ClasspathResourceLoader
2020-11-08 19:54:54,396 - ResourceLoader instantiated: org.apache.velocity.runtime.resource.loader.ClasspathResourceLoader
2020-11-08 19:54:54,396 - ResourceCache: initialized (class org.apache.velocity.runtime.resource.ResourceCacheImpl) with class java.util.Collections$SynchronizedMap cache map.
2020-11-08 19:54:54,396 - ResourceCache: initialized (class org.apache.velocity.runtime.resource.ResourceCacheImpl) with class java.util.Collections$SynchronizedMap cache map.
2020-11-08 19:54:54,396 - Loaded System Directive: org.apache.velocity.runtime.directive.Stop
2020-11-08 19:54:54,396 - Loaded System Directive: org.apache.velocity.runtime.directive.Stop
2020-11-08 19:54:54,396 - Loaded System Directive: org.apache.velocity.runtime.directive.Define
2020-11-08 19:54:54,396 - Loaded System Directive: org.apache.velocity.runtime.directive.Define
2020-11-08 19:54:54,396 - Loaded System Directive: org.apache.velocity.runtime.directive.Break
2020-11-08 19:54:54,396 - Loaded System Directive: org.apache.velocity.runtime.directive.Break
2020-11-08 19:54:54,396 - Loaded System Directive: org.apache.velocity.runtime.directive.Evaluate
2020-11-08 19:54:54,396 - Loaded System Directive: org.apache.velocity.runtime.directive.Evaluate
2020-11-08 19:54:54,396 - Loaded System Directive: org.apache.velocity.runtime.directive.Literal
2020-11-08 19:54:54,396 - Loaded System Directive: org.apache.velocity.runtime.directive.Literal
2020-11-08 19:54:54,396 - Loaded System Directive: org.apache.velocity.runtime.directive.Macro
2020-11-08 19:54:54,396 - Loaded System Directive: org.apache.velocity.runtime.directive.Macro
2020-11-08 19:54:54,396 - Loaded System Directive: org.apache.velocity.runtime.directive.Parse
2020-11-08 19:54:54,396 - Loaded System Directive: org.apache.velocity.runtime.directive.Parse
2020-11-08 19:54:54,396 - Loaded System Directive: org.apache.velocity.runtime.directive.Include
2020-11-08 19:54:54,396 - Loaded System Directive: org.apache.velocity.runtime.directive.Include
2020-11-08 19:54:54,396 - Loaded System Directive: org.apache.velocity.runtime.directive.Foreach
2020-11-08 19:54:54,396 - Loaded System Directive: org.apache.velocity.runtime.directive.Foreach
2020-11-08 19:54:54,396 - Created '20' parsers.
2020-11-08 19:54:54,396 - Created '20' parsers.
2020-11-08 19:54:54,396 - Velocimacro : "velocimacro.library" is not set.  Trying default library: VM_global_library.vm
2020-11-08 19:54:54,396 - Velocimacro : "velocimacro.library" is not set.  Trying default library: VM_global_library.vm
2020-11-08 19:54:54,396 - Could not load resource 'VM_global_library.vm' from ResourceLoader org.apache.velocity.runtime.resource.loader.ClasspathResourceLoader: ClasspathResourceLoader Error: cannot find resource VM_global_library.vm
2020-11-08 19:54:54,396 - Could not load resource 'VM_global_library.vm' from ResourceLoader org.apache.velocity.runtime.resource.loader.ClasspathResourceLoader: ClasspathResourceLoader Error: cannot find resource VM_global_library.vm
2020-11-08 19:54:54,396 - Velocimacro : Default library not found.
2020-11-08 19:54:54,396 - Velocimacro : Default library not found.
2020-11-08 19:54:54,396 - Velocimacro : allowInline = true : VMs can be defined inline in templates
2020-11-08 19:54:54,396 - Velocimacro : allowInline = true : VMs can be defined inline in templates
2020-11-08 19:54:54,396 - Velocimacro : allowInlineToOverride = false : VMs defined inline may NOT replace previous VM definitions
2020-11-08 19:54:54,396 - Velocimacro : allowInlineToOverride = false : VMs defined inline may NOT replace previous VM definitions
2020-11-08 19:54:54,396 - Velocimacro : allowInlineLocal = false : VMs defined inline will be global in scope if allowed.
2020-11-08 19:54:54,396 - Velocimacro : allowInlineLocal = false : VMs defined inline will be global in scope if allowed.
2020-11-08 19:54:54,396 - Velocimacro : autoload off : VM system will not automatically reload global library macros
2020-11-08 19:54:54,396 - Velocimacro : autoload off : VM system will not automatically reload global library macros
2020-11-08 19:54:54,396 - ResourceManager : found templates/layout.vsl with loader org.apache.velocity.runtime.resource.loader.ClasspathResourceLoader
2020-11-08 19:54:54,396 - ResourceManager : found templates/layout.vsl with loader org.apache.velocity.runtime.resource.loader.ClasspathResourceLoader
2020-11-08 19:54:54,396 - ResourceManager : found templates/IMC.vsl with loader org.apache.velocity.runtime.resource.loader.ClasspathResourceLoader
2020-11-08 19:54:54,396 - ResourceManager : found templates/IMC.vsl with loader org.apache.velocity.runtime.resource.loader.ClasspathResourceLoader
